Found 1 marks
Randomize: 4020622159, 2870590791, 398679443, 1658287266
Entry point at 0x0003885E:  Size 33 bytes; 11 instructions; 1 jcc.
Process import ...
Detect import by ordinal MFC71U.DLL -> 282, 2926, 1189, 6111, 1176, 762, 1079, 1086, 4119, 1894, 1922, 1474, 4092, 2080, 1538, 5911, 1393, 4228, 5210, 2985, 4255, 3165, 572, 1545, 3189, 5398, 2468, 4026, 283, 3875, 2121, 2311, 2247, 1118, 3756, 1785, 1006, 563, 5609, 5803, 1184, 313, 896, 894, 899, 6232, 629, 860, 2893, 5484, 774, 1430, 5319, 265, 2897, 383, 3249, 266, 1476, 5558, 2155, 2261, 277, 5327, 6293, 5316, 6282, 630, 5480, 6284, 5416, 3082, 2012, 3050, 385, 3204, 1925, 3198, 1271, 1058, 6086, 3678, 6251, 2362, 2366, 3331, 760, 753, 2648, 2579, 709, 5519, 5723, 6033, 3395, 5584, 501, 5829, 689, 1331, 2002, 458, 4109, 4882, 3176, 748, 6233, 1472, 5489, 2697, 3195, 380, 4094, 2085, 3238, 1946, 2365, 1274, 5654, 2089, 1641, 1585, 4237, 2977, 3318, 3685, 5705, 4074, 6160, 2260, 6161, 3990, 5524, 2460, 3104, 4743, 6301, 4347, 6141, 3103, 3383, 5083, 384, 5485, 2656, 6302, 4112, 287, 631, 2749, 2745, 2279, 2271, 386, 2340, 1571, 261, 1864, 2895, 1772, 1871, 1883, 1783, 1526, 730, 5987, 2461, 3841, 3051, 1636, 1577, 3298, 3992, 1063, 1177, 3994, 3356, 2857, 3946, 3584, 5990, 3351, 5123, 6015, 387, 3036, 2932, 1962, 1380, 5792, 3032, 1237, 6177, 6064, 5989, 2486, 2013, 390, 3355, 6065, 2010, 333, 2612, 3155, 3296, 1270, 5633, 2361, 1578, 3301, 731, 3342, 2521, 5607, 6056, 5604, 6050, 4155, 6053, 5638, 5643, 5410, 5397, 5917, 5715, 3174, 602, 2255, 6058, 5884, 347, 1183, 1155, 772, 2066, 3995, 4117, 5637, 502, 2444, 5727, 5053, 5631, 3157, 777, 3914, 1634, 1572, 3286, 715, 3983, 3333, 356, 3570, 1582, 4234, 741, 1182, 1178, 4535, 3677, 4101, 4032, 4008, 6272, 3795, 6274, 4320, 2054, 2009, 5579, 3800, 1007, 5096, 6215, 5378, 3826, 1911, 2925, 5220, 5222, 5226, 5209, 5562, 2832, 4475, 3327, 566, 757, 3942, 2239, 3382, 1002, 5434, 4562, 3752, 2282, 6166, 6173, 6167, 1096, 284, 1049, 3824, 5971, 1174, 5106, 3454, 5801, 2654, 778, 746, 558, 5621, 1479, 280, 620, 591, 4574, 3927, 870, 764, 2651, 6063, 354, 293, 776, 605, 577, 4256, 4480, 3943, 2638, 3703, 3713, 3712, 2527, 2640, 2534, 2856, 2708, 4301, 2829, 2725, 2531, 5196, 1590, 1646, 1647, 1955, 5171, 1353, 4961, 3339, 6275, 3796, 6273, 1513, 2163, 2169, 2399, 2381, 2379, 2397, 2409, 2386, 2402, 2407, 2390, 2392, 2394, 2388, 2404, 2384, 931, 927, 929, 925, 920, 5229, 5231, 5956, 1591, 4276, 4716, 3397, 5199, 4179, 6271, 5067, 1899, 5148, 4238, 1392, 3940, 1608, 1611, 5908, 1542, 1661, 1662, 2011, 4884, 4729, 4206, 5178, 3435, 1784, 3635, 1198
Detect import as data MSVCR71.dll -> _adjust_fdiv, _wcmdln, __mb_cur_max
Detect import by ordinal COMCTL32.dll -> 17
Detect import by ordinal OLEAUT32.dll -> 331, 184
Compile EXECryptor API library 12612 bytes; 2942 instructions; 268 jcc.
AntiDebug feature available only in registered version
Local transform: 1263 bytes; 374 instructions; 19 jcc.
Global transform: 1644 bytes; 502 instructions; 20 jcc.
Compile VM core 22852 bytes; 6297 instructions; 547 jcc.
Total: 37108 bytes; 9741 instructions; 835 jcc.
Virtualization 54566 bytes; 12547 instructions; 658 jcc.
Create extra code section at 0x00081000. Size 160054 bytes.
Assemble
Reduce extra code section size: 160054 --> 28924 bytes
Strip relocation info.
LZAB Fast Compression Library. Copyright (C) SoftComplete Development.
Compress code ...
Compress resource ...
Done: 548804 --> 213511 bytes (38%)
Create TLS directory
Decompressor size: 116 bytes
Compile loader 6331 bytes; 1631 instructions; 48 jcc.
Create backup
Save
Done.
